The system is: Linux - 6.8.0-48-generic - x86_64
Compiling the C compiler identification source file "CMakeCCompilerId.c" succeeded.
Compiler: /usr/bin/cc 
Build flags: 
Id flags:  

The output was:
0


Compilation of the C compiler identification source "CMakeCCompilerId.c" produced "a.out"

The C compiler identification is GNU, found in "/home/EdgeRIC-A-real-time-RIC/srs-4G-UE/build/CMakeFiles/3.16.3/CompilerIdC/a.out"

Compiling the CXX compiler identification source file "CMakeCXXCompilerId.cpp" succeeded.
Compiler: /usr/bin/c++ 
Build flags: 
Id flags:  

The output was:
0


Compilation of the CXX compiler identification source "CMakeCXXCompilerId.cpp" produced "a.out"

The CXX compiler identification is GNU, found in "/home/EdgeRIC-A-real-time-RIC/srs-4G-UE/build/CMakeFiles/3.16.3/CompilerIdCXX/a.out"

Determining if the C compiler works passed with the following output:
Change Dir: /home/EdgeRIC-A-real-time-RIC/srs-4G-UE/build/CMakeFiles/CMakeTmp

Run Build Command(s):/usr/bin/make cmTC_8b74a/fast && /usr/bin/make -f CMakeFiles/cmTC_8b74a.dir/build.make CMakeFiles/cmTC_8b74a.dir/build
make[1]: Entering directory '/home/EdgeRIC-A-real-time-RIC/srs-4G-UE/build/CMakeFiles/CMakeTmp'
Building C object CMakeFiles/cmTC_8b74a.dir/testCCompiler.c.o
/usr/bin/cc    -o CMakeFiles/cmTC_8b74a.dir/testCCompiler.c.o   -c /home/EdgeRIC-A-real-time-RIC/srs-4G-UE/build/CMakeFiles/CMakeTmp/testCCompiler.c
Linking C executable cmTC_8b74a
/usr/bin/cmake -E cmake_link_script CMakeFiles/cmTC_8b74a.dir/link.txt --verbose=1
/usr/bin/cc      CMakeFiles/cmTC_8b74a.dir/testCCompiler.c.o  -o cmTC_8b74a 
make[1]: Leaving directory '/home/EdgeRIC-A-real-time-RIC/srs-4G-UE/build/CMakeFiles/CMakeTmp'



Detecting C compiler ABI info compiled with the following output:
Change Dir: /home/EdgeRIC-A-real-time-RIC/srs-4G-UE/build/CMakeFiles/CMakeTmp

Run Build Command(s):/usr/bin/make cmTC_b838a/fast && /usr/bin/make -f CMakeFiles/cmTC_b838a.dir/build.make CMakeFiles/cmTC_b838a.dir/build
make[1]: Entering directory '/home/EdgeRIC-A-real-time-RIC/srs-4G-UE/build/CMakeFiles/CMakeTmp'
Building C object CMakeFiles/cmTC_b838a.dir/CMakeCCompilerABI.c.o
/usr/bin/cc   -v -o CMakeFiles/cmTC_b838a.dir/CMakeCCompilerABI.c.o   -c /usr/share/cmake-3.16/Modules/CMakeCCompilerABI.c
Using built-in specs.
COLLECT_GCC=/usr/bin/cc
OFFLOAD_TARGET_NAMES=nvptx-none:hsa
OFFLOAD_TARGET_DEFAULT=1
Target: x86_64-linux-gnu
Configured with: ../src/configure -v --with-pkgversion='Ubuntu 9.4.0-1ubuntu1~20.04.2' --with-bugurl=file:///usr/share/doc/gcc-9/README.Bugs --enable-languages=c,ada,c++,go,brig,d,fortran,objc,obj-c++,gm2 --prefix=/usr --with-gcc-major-version-only --program-suffix=-9 --program-prefix=x86_64-linux-gnu- --enable-shared --enable-linker-build-id --libexecdir=/usr/lib --without-included-gettext --enable-threads=posix --libdir=/usr/lib --enable-nls --enable-clocale=gnu --enable-libstdcxx-debug --enable-libstdcxx-time=yes --with-default-libstdcxx-abi=new --enable-gnu-unique-object --disable-vtable-verify --enable-plugin --enable-default-pie --with-system-zlib --with-target-system-zlib=auto --enable-objc-gc=auto --enable-multiarch --disable-werror --with-arch-32=i686 --with-abi=m64 --with-multilib-list=m32,m64,mx32 --enable-multilib --with-tune=generic --enable-offload-targets=nvptx-none=/build/gcc-9-9QDOt0/gcc-9-9.4.0/debian/tmp-nvptx/usr,hsa --without-cuda-driver --enable-checking=release --build=x86_64-linux-gnu --host=x86_64-linux-gnu --target=x86_64-linux-gnu
Thread model: posix
gcc version 9.4.0 (Ubuntu 9.4.0-1ubuntu1~20.04.2) 
COLLECT_GCC_OPTIONS='-v' '-o' 'CMakeFiles/cmTC_b838a.dir/CMakeCCompilerABI.c.o' '-c' '-mtune=generic' '-march=x86-64'
 /usr/lib/gcc/x86_64-linux-gnu/9/cc1 -quiet -v -imultiarch x86_64-linux-gnu /usr/share/cmake-3.16/Modules/CMakeCCompilerABI.c -quiet -dumpbase CMakeCCompilerABI.c -mtune=generic -march=x86-64 -auxbase-strip CMakeFiles/cmTC_b838a.dir/CMakeCCompilerABI.c.o -version -fasynchronous-unwind-tables -fstack-protector-strong -Wformat -Wformat-security -fstack-clash-protection -fcf-protection -o /tmp/ccRUn5IQ.s
GNU C17 (Ubuntu 9.4.0-1ubuntu1~20.04.2) version 9.4.0 (x86_64-linux-gnu)
	compiled by GNU C version 9.4.0, GMP version 6.2.0, MPFR version 4.0.2, MPC version 1.1.0, isl version isl-0.22.1-GMP

GGC heuristics: --param ggc-min-expand=100 --param ggc-min-heapsize=131072
ignoring nonexistent directory "/usr/local/include/x86_64-linux-gnu"
ignoring nonexistent directory "/usr/lib/gcc/x86_64-linux-gnu/9/include-fixed"
ignoring nonexistent directory "/usr/lib/gcc/x86_64-linux-gnu/9/../../../../x86_64-linux-gnu/include"
#include "..." search starts here:
#include <...> search starts here:
 /usr/lib/gcc/x86_64-linux-gnu/9/include
 /usr/local/include
 /usr/include/x86_64-linux-gnu
 /usr/include
End of search list.
GNU C17 (Ubuntu 9.4.0-1ubuntu1~20.04.2) version 9.4.0 (x86_64-linux-gnu)
	compiled by GNU C version 9.4.0, GMP version 6.2.0, MPFR version 4.0.2, MPC version 1.1.0, isl version isl-0.22.1-GMP

GGC heuristics: --param ggc-min-expand=100 --param ggc-min-heapsize=131072
Compiler executable checksum: 01da938ff5dc2163489aa33cb3b747a7
COLLECT_GCC_OPTIONS='-v' '-o' 'CMakeFiles/cmTC_b838a.dir/CMakeCCompilerABI.c.o' '-c' '-mtune=generic' '-march=x86-64'
 as -v --64 -o CMakeFiles/cmTC_b838a.dir/CMakeCCompilerABI.c.o /tmp/ccRUn5IQ.s
GNU assembler version 2.34 (x86_64-linux-gnu) using BFD version (GNU Binutils for Ubuntu) 2.34
COMPILER_PATH=/usr/lib/gcc/x86_64-linux-gnu/9/:/usr/lib/gcc/x86_64-linux-gnu/9/:/usr/lib/gcc/x86_64-linux-gnu/:/usr/lib/gcc/x86_64-linux-gnu/9/:/usr/lib/gcc/x86_64-linux-gnu/
LIBRARY_PATH=/usr/lib/gcc/x86_64-linux-gnu/9/:/usr/lib/gcc/x86_64-linux-gnu/9/../../../x86_64-linux-gnu/:/usr/lib/gcc/x86_64-linux-gnu/9/../../../../lib/:/lib/x86_64-linux-gnu/:/lib/../lib/:/usr/lib/x86_64-linux-gnu/:/usr/lib/../lib/:/usr/lib/gcc/x86_64-linux-gnu/9/../../../:/lib/:/usr/lib/
COLLECT_GCC_OPTIONS='-v' '-o' 'CMakeFiles/cmTC_b838a.dir/CMakeCCompilerABI.c.o' '-c' '-mtune=generic' '-march=x86-64'
Linking C executable cmTC_b838a
/usr/bin/cmake -E cmake_link_script CMakeFiles/cmTC_b838a.dir/link.txt --verbose=1
/usr/bin/cc     -v CMakeFiles/cmTC_b838a.dir/CMakeCCompilerABI.c.o  -o cmTC_b838a 
Using built-in specs.
COLLECT_GCC=/usr/bin/cc
COLLECT_LTO_WRAPPER=/usr/lib/gcc/x86_64-linux-gnu/9/lto-wrapper
OFFLOAD_TARGET_NAMES=nvptx-none:hsa
OFFLOAD_TARGET_DEFAULT=1
Target: x86_64-linux-gnu
Configured with: ../src/configure -v --with-pkgversion='Ubuntu 9.4.0-1ubuntu1~20.04.2' --with-bugurl=file:///usr/share/doc/gcc-9/README.Bugs --enable-languages=c,ada,c++,go,brig,d,fortran,objc,obj-c++,gm2 --prefix=/usr --with-gcc-major-version-only --program-suffix=-9 --program-prefix=x86_64-linux-gnu- --enable-shared --enable-linker-build-id --libexecdir=/usr/lib --without-included-gettext --enable-threads=posix --libdir=/usr/lib --enable-nls --enable-clocale=gnu --enable-libstdcxx-debug --enable-libstdcxx-time=yes --with-default-libstdcxx-abi=new --enable-gnu-unique-object --disable-vtable-verify --enable-plugin --enable-default-pie --with-system-zlib --with-target-system-zlib=auto --enable-objc-gc=auto --enable-multiarch --disable-werror --with-arch-32=i686 --with-abi=m64 --with-multilib-list=m32,m64,mx32 --enable-multilib --with-tune=generic --enable-offload-targets=nvptx-none=/build/gcc-9-9QDOt0/gcc-9-9.4.0/debian/tmp-nvptx/usr,hsa --without-cuda-driver --enable-checking=release --build=x86_64-linux-gnu --host=x86_64-linux-gnu --target=x86_64-linux-gnu
Thread model: posix
gcc version 9.4.0 (Ubuntu 9.4.0-1ubuntu1~20.04.2) 
COMPILER_PATH=/usr/lib/gcc/x86_64-linux-gnu/9/:/usr/lib/gcc/x86_64-linux-gnu/9/:/usr/lib/gcc/x86_64-linux-gnu/:/usr/lib/gcc/x86_64-linux-gnu/9/:/usr/lib/gcc/x86_64-linux-gnu/
LIBRARY_PATH=/usr/lib/gcc/x86_64-linux-gnu/9/:/usr/lib/gcc/x86_64-linux-gnu/9/../../../x86_64-linux-gnu/:/usr/lib/gcc/x86_64-linux-gnu/9/../../../../lib/:/lib/x86_64-linux-gnu/:/lib/../lib/:/usr/lib/x86_64-linux-gnu/:/usr/lib/../lib/:/usr/lib/gcc/x86_64-linux-gnu/9/../../../:/lib/:/usr/lib/
COLLECT_GCC_OPTIONS='-v' '-o' 'cmTC_b838a' '-mtune=generic' '-march=x86-64'
 /usr/lib/gcc/x86_64-linux-gnu/9/collect2 -plugin /usr/lib/gcc/x86_64-linux-gnu/9/liblto_plugin.so -plugin-opt=/usr/lib/gcc/x86_64-linux-gnu/9/lto-wrapper -plugin-opt=-fresolution=/tmp/ccKQkyTh.res -plugin-opt=-pass-through=-lgcc -plugin-opt=-pass-through=-lgcc_s -plugin-opt=-pass-through=-lc -plugin-opt=-pass-through=-lgcc -plugin-opt=-pass-through=-lgcc_s --build-id --eh-frame-hdr -m elf_x86_64 --hash-style=gnu --as-needed -dynamic-linker /lib64/ld-linux-x86-64.so.2 -pie -z now -z relro -o cmTC_b838a /usr/lib/gcc/x86_64-linux-gnu/9/../../../x86_64-linux-gnu/Scrt1.o /usr/lib/gcc/x86_64-linux-gnu/9/../../../x86_64-linux-gnu/crti.o /usr/lib/gcc/x86_64-linux-gnu/9/crtbeginS.o -L/usr/lib/gcc/x86_64-linux-gnu/9 -L/usr/lib/gcc/x86_64-linux-gnu/9/../../../x86_64-linux-gnu -L/usr/lib/gcc/x86_64-linux-gnu/9/../../../../lib -L/lib/x86_64-linux-gnu -L/lib/../lib -L/usr/lib/x86_64-linux-gnu -L/usr/lib/../lib -L/usr/lib/gcc/x86_64-linux-gnu/9/../../.. CMakeFiles/cmTC_b838a.dir/CMakeCCompilerABI.c.o -lgcc --push-state --as-needed -lgcc_s --pop-state -lc -lgcc --push-state --as-needed -lgcc_s --pop-state /usr/lib/gcc/x86_64-linux-gnu/9/crtendS.o /usr/lib/gcc/x86_64-linux-gnu/9/../../../x86_64-linux-gnu/crtn.o
COLLECT_GCC_OPTIONS='-v' '-o' 'cmTC_b838a' '-mtune=generic' '-march=x86-64'
make[1]: Leaving directory '/home/EdgeRIC-A-real-time-RIC/srs-4G-UE/build/CMakeFiles/CMakeTmp'



Parsed C implicit include dir info from above output: rv=done
  found start of include info
  found start of implicit include info
    add: [/usr/lib/gcc/x86_64-linux-gnu/9/include]
    add: [/usr/local/include]
    add: [/usr/include/x86_64-linux-gnu]
    add: [/usr/include]
  end of search list found
  collapse include dir [/usr/lib/gcc/x86_64-linux-gnu/9/include] ==> [/usr/lib/gcc/x86_64-linux-gnu/9/include]
  collapse include dir [/usr/local/include] ==> [/usr/local/include]
  collapse include dir [/usr/include/x86_64-linux-gnu] ==> [/usr/include/x86_64-linux-gnu]
  collapse include dir [/usr/include] ==> [/usr/include]
  implicit include dirs: [/usr/lib/gcc/x86_64-linux-gnu/9/include;/usr/local/include;/usr/include/x86_64-linux-gnu;/usr/include]


Parsed C implicit link information from above output:
  link line regex: [^( *|.*[/\])(ld|CMAKE_LINK_STARTFILE-NOTFOUND|([^/\]+-)?ld|collect2)[^/\]*( |$)]
  ignore line: [Change Dir: /home/EdgeRIC-A-real-time-RIC/srs-4G-UE/build/CMakeFiles/CMakeTmp]
  ignore line: []
  ignore line: [Run Build Command(s):/usr/bin/make cmTC_b838a/fast && /usr/bin/make -f CMakeFiles/cmTC_b838a.dir/build.make CMakeFiles/cmTC_b838a.dir/build]
  ignore line: [make[1]: Entering directory '/home/EdgeRIC-A-real-time-RIC/srs-4G-UE/build/CMakeFiles/CMakeTmp']
  ignore line: [Building C object CMakeFiles/cmTC_b838a.dir/CMakeCCompilerABI.c.o]
  ignore line: [/usr/bin/cc   -v -o CMakeFiles/cmTC_b838a.dir/CMakeCCompilerABI.c.o   -c /usr/share/cmake-3.16/Modules/CMakeCCompilerABI.c]
  ignore line: [Using built-in specs.]
  ignore line: [COLLECT_GCC=/usr/bin/cc]
  ignore line: [OFFLOAD_TARGET_NAMES=nvptx-none:hsa]
  ignore line: [OFFLOAD_TARGET_DEFAULT=1]
  ignore line: [Target: x86_64-linux-gnu]
  ignore line: [Configured with: ../src/configure -v --with-pkgversion='Ubuntu 9.4.0-1ubuntu1~20.04.2' --with-bugurl=file:///usr/share/doc/gcc-9/README.Bugs --enable-languages=c ada c++ go brig d fortran objc obj-c++ gm2 --prefix=/usr --with-gcc-major-version-only --program-suffix=-9 --program-prefix=x86_64-linux-gnu- --enable-shared --enable-linker-build-id --libexecdir=/usr/lib --without-included-gettext --enable-threads=posix --libdir=/usr/lib --enable-nls --enable-clocale=gnu --enable-libstdcxx-debug --enable-libstdcxx-time=yes --with-default-libstdcxx-abi=new --enable-gnu-unique-object --disable-vtable-verify --enable-plugin --enable-default-pie --with-system-zlib --with-target-system-zlib=auto --enable-objc-gc=auto --enable-multiarch --disable-werror --with-arch-32=i686 --with-abi=m64 --with-multilib-list=m32 m64 mx32 --enable-multilib --with-tune=generic --enable-offload-targets=nvptx-none=/build/gcc-9-9QDOt0/gcc-9-9.4.0/debian/tmp-nvptx/usr hsa --without-cuda-driver --enable-checking=release --build=x86_64-linux-gnu --host=x86_64-linux-gnu --target=x86_64-linux-gnu]
  ignore line: [Thread model: posix]
  ignore line: [gcc version 9.4.0 (Ubuntu 9.4.0-1ubuntu1~20.04.2) ]
  ignore line: [COLLECT_GCC_OPTIONS='-v' '-o' 'CMakeFiles/cmTC_b838a.dir/CMakeCCompilerABI.c.o' '-c' '-mtune=generic' '-march=x86-64']
  ignore line: [ /usr/lib/gcc/x86_64-linux-gnu/9/cc1 -quiet -v -imultiarch x86_64-linux-gnu /usr/share/cmake-3.16/Modules/CMakeCCompilerABI.c -quiet -dumpbase CMakeCCompilerABI.c -mtune=generic -march=x86-64 -auxbase-strip CMakeFiles/cmTC_b838a.dir/CMakeCCompilerABI.c.o -version -fasynchronous-unwind-tables -fstack-protector-strong -Wformat -Wformat-security -fstack-clash-protection -fcf-protection -o /tmp/ccRUn5IQ.s]
  ignore line: [GNU C17 (Ubuntu 9.4.0-1ubuntu1~20.04.2) version 9.4.0 (x86_64-linux-gnu)]
  ignore line: [	compiled by GNU C version 9.4.0  GMP version 6.2.0  MPFR version 4.0.2  MPC version 1.1.0  isl version isl-0.22.1-GMP]
  ignore line: []
  ignore line: [GGC heuristics: --param ggc-min-expand=100 --param ggc-min-heapsize=131072]
  ignore line: [ignoring nonexistent directory "/usr/local/include/x86_64-linux-gnu"]
  ignore line: [ignoring nonexistent directory "/usr/lib/gcc/x86_64-linux-gnu/9/include-fixed"]
  ignore line: [ignoring nonexistent directory "/usr/lib/gcc/x86_64-linux-gnu/9/../../../../x86_64-linux-gnu/include"]
  ignore line: [#include "..." search starts here:]
  ignore line: [#include <...> search starts here:]
  ignore line: [ /usr/lib/gcc/x86_64-linux-gnu/9/include]
  ignore line: [ /usr/local/include]
  ignore line: [ /usr/include/x86_64-linux-gnu]
  ignore line: [ /usr/include]
  ignore line: [End of search list.]
  ignore line: [GNU C17 (Ubuntu 9.4.0-1ubuntu1~20.04.2) version 9.4.0 (x86_64-linux-gnu)]
  ignore line: [	compiled by GNU C version 9.4.0  GMP version 6.2.0  MPFR version 4.0.2  MPC version 1.1.0  isl version isl-0.22.1-GMP]
  ignore line: []
  ignore line: [GGC heuristics: --param ggc-min-expand=100 --param ggc-min-heapsize=131072]
  ignore line: [Compiler executable checksum: 01da938ff5dc2163489aa33cb3b747a7]
  ignore line: [COLLECT_GCC_OPTIONS='-v' '-o' 'CMakeFiles/cmTC_b838a.dir/CMakeCCompilerABI.c.o' '-c' '-mtune=generic' '-march=x86-64']
  ignore line: [ as -v --64 -o CMakeFiles/cmTC_b838a.dir/CMakeCCompilerABI.c.o /tmp/ccRUn5IQ.s]
  ignore line: [GNU assembler version 2.34 (x86_64-linux-gnu) using BFD version (GNU Binutils for Ubuntu) 2.34]
  ignore line: [COMPILER_PATH=/usr/lib/gcc/x86_64-linux-gnu/9/:/usr/lib/gcc/x86_64-linux-gnu/9/:/usr/lib/gcc/x86_64-linux-gnu/:/usr/lib/gcc/x86_64-linux-gnu/9/:/usr/lib/gcc/x86_64-linux-gnu/]
  ignore line: [LIBRARY_PATH=/usr/lib/gcc/x86_64-linux-gnu/9/:/usr/lib/gcc/x86_64-linux-gnu/9/../../../x86_64-linux-gnu/:/usr/lib/gcc/x86_64-linux-gnu/9/../../../../lib/:/lib/x86_64-linux-gnu/:/lib/../lib/:/usr/lib/x86_64-linux-gnu/:/usr/lib/../lib/:/usr/lib/gcc/x86_64-linux-gnu/9/../../../:/lib/:/usr/lib/]
  ignore line: [COLLECT_GCC_OPTIONS='-v' '-o' 'CMakeFiles/cmTC_b838a.dir/CMakeCCompilerABI.c.o' '-c' '-mtune=generic' '-march=x86-64']
  ignore line: [Linking C executable cmTC_b838a]
  ignore line: [/usr/bin/cmake -E cmake_link_script CMakeFiles/cmTC_b838a.dir/link.txt --verbose=1]
  ignore line: [/usr/bin/cc     -v CMakeFiles/cmTC_b838a.dir/CMakeCCompilerABI.c.o  -o cmTC_b838a ]
  ignore line: [Using built-in specs.]
  ignore line: [COLLECT_GCC=/usr/bin/cc]
  ignore line: [COLLECT_LTO_WRAPPER=/usr/lib/gcc/x86_64-linux-gnu/9/lto-wrapper]
  ignore line: [OFFLOAD_TARGET_NAMES=nvptx-none:hsa]
  ignore line: [OFFLOAD_TARGET_DEFAULT=1]
  ignore line: [Target: x86_64-linux-gnu]
  ignore line: [Configured with: ../src/configure -v --with-pkgversion='Ubuntu 9.4.0-1ubuntu1~20.04.2' --with-bugurl=file:///usr/share/doc/gcc-9/README.Bugs --enable-languages=c ada c++ go brig d fortran objc obj-c++ gm2 --prefix=/usr --with-gcc-major-version-only --program-suffix=-9 --program-prefix=x86_64-linux-gnu- --enable-shared --enable-linker-build-id --libexecdir=/usr/lib --without-included-gettext --enable-threads=posix --libdir=/usr/lib --enable-nls --enable-clocale=gnu --enable-libstdcxx-debug --enable-libstdcxx-time=yes --with-default-libstdcxx-abi=new --enable-gnu-unique-object --disable-vtable-verify --enable-plugin --enable-default-pie --with-system-zlib --with-target-system-zlib=auto --enable-objc-gc=auto --enable-multiarch --disable-werror --with-arch-32=i686 --with-abi=m64 --with-multilib-list=m32 m64 mx32 --enable-multilib --with-tune=generic --enable-offload-targets=nvptx-none=/build/gcc-9-9QDOt0/gcc-9-9.4.0/debian/tmp-nvptx/usr hsa --without-cuda-driver --enable-checking=release --build=x86_64-linux-gnu --host=x86_64-linux-gnu --target=x86_64-linux-gnu]
  ignore line: [Thread model: posix]
  ignore line: [gcc version 9.4.0 (Ubuntu 9.4.0-1ubuntu1~20.04.2) ]
  ignore line: [COMPILER_PATH=/usr/lib/gcc/x86_64-linux-gnu/9/:/usr/lib/gcc/x86_64-linux-gnu/9/:/usr/lib/gcc/x86_64-linux-gnu/:/usr/lib/gcc/x86_64-linux-gnu/9/:/usr/lib/gcc/x86_64-linux-gnu/]
  ignore line: [LIBRARY_PATH=/usr/lib/gcc/x86_64-linux-gnu/9/:/usr/lib/gcc/x86_64-linux-gnu/9/../../../x86_64-linux-gnu/:/usr/lib/gcc/x86_64-linux-gnu/9/../../../../lib/:/lib/x86_64-linux-gnu/:/lib/../lib/:/usr/lib/x86_64-linux-gnu/:/usr/lib/../lib/:/usr/lib/gcc/x86_64-linux-gnu/9/../../../:/lib/:/usr/lib/]
  ignore line: [COLLECT_GCC_OPTIONS='-v' '-o' 'cmTC_b838a' '-mtune=generic' '-march=x86-64']
  link line: [ /usr/lib/gcc/x86_64-linux-gnu/9/collect2 -plugin /usr/lib/gcc/x86_64-linux-gnu/9/liblto_plugin.so -plugin-opt=/usr/lib/gcc/x86_64-linux-gnu/9/lto-wrapper -plugin-opt=-fresolution=/tmp/ccKQkyTh.res -plugin-opt=-pass-through=-lgcc -plugin-opt=-pass-through=-lgcc_s -plugin-opt=-pass-through=-lc -plugin-opt=-pass-through=-lgcc -plugin-opt=-pass-through=-lgcc_s --build-id --eh-frame-hdr -m elf_x86_64 --hash-style=gnu --as-needed -dynamic-linker /lib64/ld-linux-x86-64.so.2 -pie -z now -z relro -o cmTC_b838a /usr/lib/gcc/x86_64-linux-gnu/9/../../../x86_64-linux-gnu/Scrt1.o /usr/lib/gcc/x86_64-linux-gnu/9/../../../x86_64-linux-gnu/crti.o /usr/lib/gcc/x86_64-linux-gnu/9/crtbeginS.o -L/usr/lib/gcc/x86_64-linux-gnu/9 -L/usr/lib/gcc/x86_64-linux-gnu/9/../../../x86_64-linux-gnu -L/usr/lib/gcc/x86_64-linux-gnu/9/../../../../lib -L/lib/x86_64-linux-gnu -L/lib/../lib -L/usr/lib/x86_64-linux-gnu -L/usr/lib/../lib -L/usr/lib/gcc/x86_64-linux-gnu/9/../../.. CMakeFiles/cmTC_b838a.dir/CMakeCCompilerABI.c.o -lgcc --push-state --as-needed -lgcc_s --pop-state -lc -lgcc --push-state --as-needed -lgcc_s --pop-state /usr/lib/gcc/x86_64-linux-gnu/9/crtendS.o /usr/lib/gcc/x86_64-linux-gnu/9/../../../x86_64-linux-gnu/crtn.o]
    arg [/usr/lib/gcc/x86_64-linux-gnu/9/collect2] ==> ignore
    arg [-plugin] ==> ignore
    arg [/usr/lib/gcc/x86_64-linux-gnu/9/liblto_plugin.so] ==> ignore
    arg [-plugin-opt=/usr/lib/gcc/x86_64-linux-gnu/9/lto-wrapper] ==> ignore
    arg [-plugin-opt=-fresolution=/tmp/ccKQkyTh.res] ==> ignore
    arg [-plugin-opt=-pass-through=-lgcc] ==> ignore
    arg [-plugin-opt=-pass-through=-lgcc_s] ==> ignore
    arg [-plugin-opt=-pass-through=-lc] ==> ignore
    arg [-plugin-opt=-pass-through=-lgcc] ==> ignore
    arg [-plugin-opt=-pass-through=-lgcc_s] ==> ignore
    arg [--build-id] ==> ignore
    arg [--eh-frame-hdr] ==> ignore
    arg [-m] ==> ignore
    arg [elf_x86_64] ==> ignore
    arg [--hash-style=gnu] ==> ignore
    arg [--as-needed] ==> ignore
    arg [-dynamic-linker] ==> ignore
    arg [/lib64/ld-linux-x86-64.so.2] ==> ignore
    arg [-pie] ==> ignore
    arg [-znow] ==> ignore
    arg [-zrelro] ==> ignore
    arg [-o] ==> ignore
    arg [cmTC_b838a] ==> ignore
    arg [/usr/lib/gcc/x86_64-linux-gnu/9/../../../x86_64-linux-gnu/Scrt1.o] ==> ignore
    arg [/usr/lib/gcc/x86_64-linux-gnu/9/../../../x86_64-linux-gnu/crti.o] ==> ignore
    arg [/usr/lib/gcc/x86_64-linux-gnu/9/crtbeginS.o] ==> ignore
    arg [-L/usr/lib/gcc/x86_64-linux-gnu/9] ==> dir [/usr/lib/gcc/x86_64-linux-gnu/9]
    arg [-L/usr/lib/gcc/x86_64-linux-gnu/9/../../../x86_64-linux-gnu] ==> dir [/usr/lib/gcc/x86_64-linux-gnu/9/../../../x86_64-linux-gnu]
    arg [-L/usr/lib/gcc/x86_64-linux-gnu/9/../../../../lib] ==> dir [/usr/lib/gcc/x86_64-linux-gnu/9/../../../../lib]
    arg [-L/lib/x86_64-linux-gnu] ==> dir [/lib/x86_64-linux-gnu]
    arg [-L/lib/../lib] ==> dir [/lib/../lib]
    arg [-L/usr/lib/x86_64-linux-gnu] ==> dir [/usr/lib/x86_64-linux-gnu]
    arg [-L/usr/lib/../lib] ==> dir [/usr/lib/../lib]
    arg [-L/usr/lib/gcc/x86_64-linux-gnu/9/../../..] ==> dir [/usr/lib/gcc/x86_64-linux-gnu/9/../../..]
    arg [CMakeFiles/cmTC_b838a.dir/CMakeCCompilerABI.c.o] ==> ignore
    arg [-lgcc] ==> lib [gcc]
    arg [--push-state] ==> ignore
    arg [--as-needed] ==> ignore
    arg [-lgcc_s] ==> lib [gcc_s]
    arg [--pop-state] ==> ignore
    arg [-lc] ==> lib [c]
    arg [-lgcc] ==> lib [gcc]
    arg [--push-state] ==> ignore
    arg [--as-needed] ==> ignore
    arg [-lgcc_s] ==> lib [gcc_s]
    arg [--pop-state] ==> ignore
    arg [/usr/lib/gcc/x86_64-linux-gnu/9/crtendS.o] ==> ignore
    arg [/usr/lib/gcc/x86_64-linux-gnu/9/../../../x86_64-linux-gnu/crtn.o] ==> ignore
  collapse library dir [/usr/lib/gcc/x86_64-linux-gnu/9] ==> [/usr/lib/gcc/x86_64-linux-gnu/9]
  collapse library dir [/usr/lib/gcc/x86_64-linux-gnu/9/../../../x86_64-linux-gnu] ==> [/usr/lib/x86_64-linux-gnu]
  collapse library dir [/usr/lib/gcc/x86_64-linux-gnu/9/../../../../lib] ==> [/usr/lib]
  collapse library dir [/lib/x86_64-linux-gnu] ==> [/lib/x86_64-linux-gnu]
  collapse library dir [/lib/../lib] ==> [/lib]
  collapse library dir [/usr/lib/x86_64-linux-gnu] ==> [/usr/lib/x86_64-linux-gnu]
  collapse library dir [/usr/lib/../lib] ==> [/usr/lib]
  collapse library dir [/usr/lib/gcc/x86_64-linux-gnu/9/../../..] ==> [/usr/lib]
  implicit libs: [gcc;gcc_s;c;gcc;gcc_s]
  implicit dirs: [/usr/lib/gcc/x86_64-linux-gnu/9;/usr/lib/x86_64-linux-gnu;/usr/lib;/lib/x86_64-linux-gnu;/lib]
  implicit fwks: []


Determining if the CXX compiler works passed with the following output:
Change Dir: /home/EdgeRIC-A-real-time-RIC/srs-4G-UE/build/CMakeFiles/CMakeTmp

Run Build Command(s):/usr/bin/make cmTC_f198e/fast && /usr/bin/make -f CMakeFiles/cmTC_f198e.dir/build.make CMakeFiles/cmTC_f198e.dir/build
make[1]: Entering directory '/home/EdgeRIC-A-real-time-RIC/srs-4G-UE/build/CMakeFiles/CMakeTmp'
Building CXX object CMakeFiles/cmTC_f198e.dir/testCXXCompiler.cxx.o
/usr/bin/c++     -o CMakeFiles/cmTC_f198e.dir/testCXXCompiler.cxx.o -c /home/EdgeRIC-A-real-time-RIC/srs-4G-UE/build/CMakeFiles/CMakeTmp/testCXXCompiler.cxx
Linking CXX executable cmTC_f198e
/usr/bin/cmake -E cmake_link_script CMakeFiles/cmTC_f198e.dir/link.txt --verbose=1
/usr/bin/c++       CMakeFiles/cmTC_f198e.dir/testCXXCompiler.cxx.o  -o cmTC_f198e 
make[1]: Leaving directory '/home/EdgeRIC-A-real-time-RIC/srs-4G-UE/build/CMakeFiles/CMakeTmp'



Detecting CXX compiler ABI info compiled with the following output:
Change Dir: /home/EdgeRIC-A-real-time-RIC/srs-4G-UE/build/CMakeFiles/CMakeTmp

Run Build Command(s):/usr/bin/make cmTC_1d607/fast && /usr/bin/make -f CMakeFiles/cmTC_1d607.dir/build.make CMakeFiles/cmTC_1d607.dir/build
make[1]: Entering directory '/home/EdgeRIC-A-real-time-RIC/srs-4G-UE/build/CMakeFiles/CMakeTmp'
Building CXX object CMakeFiles/cmTC_1d607.dir/CMakeCXXCompilerABI.cpp.o
/usr/bin/c++    -v -o CMakeFiles/cmTC_1d607.dir/CMakeCXXCompilerABI.cpp.o -c /usr/share/cmake-3.16/Modules/CMakeCXXCompilerABI.cpp
Using built-in specs.
COLLECT_GCC=/usr/bin/c++
OFFLOAD_TARGET_NAMES=nvptx-none:hsa
OFFLOAD_TARGET_DEFAULT=1
Target: x86_64-linux-gnu
Configured with: ../src/configure -v --with-pkgversion='Ubuntu 9.4.0-1ubuntu1~20.04.2' --with-bugurl=file:///usr/share/doc/gcc-9/README.Bugs --enable-languages=c,ada,c++,go,brig,d,fortran,objc,obj-c++,gm2 --prefix=/usr --with-gcc-major-version-only --program-suffix=-9 --program-prefix=x86_64-linux-gnu- --enable-shared --enable-linker-build-id --libexecdir=/usr/lib --without-included-gettext --enable-threads=posix --libdir=/usr/lib --enable-nls --enable-clocale=gnu --enable-libstdcxx-debug --enable-libstdcxx-time=yes --with-default-libstdcxx-abi=new --enable-gnu-unique-object --disable-vtable-verify --enable-plugin --enable-default-pie --with-system-zlib --with-target-system-zlib=auto --enable-objc-gc=auto --enable-multiarch --disable-werror --with-arch-32=i686 --with-abi=m64 --with-multilib-list=m32,m64,mx32 --enable-multilib --with-tune=generic --enable-offload-targets=nvptx-none=/build/gcc-9-9QDOt0/gcc-9-9.4.0/debian/tmp-nvptx/usr,hsa --without-cuda-driver --enable-checking=release --build=x86_64-linux-gnu --host=x86_64-linux-gnu --target=x86_64-linux-gnu
Thread model: posix
gcc version 9.4.0 (Ubuntu 9.4.0-1ubuntu1~20.04.2) 
COLLECT_GCC_OPTIONS='-v' '-o' 'CMakeFiles/cmTC_1d607.dir/CMakeCXXCompilerABI.cpp.o' '-c' '-shared-libgcc' '-mtune=generic' '-march=x86-64'
 /usr/lib/gcc/x86_64-linux-gnu/9/cc1plus -quiet -v -imultiarch x86_64-linux-gnu -D_GNU_SOURCE /usr/share/cmake-3.16/Modules/CMakeCXXCompilerABI.cpp -quiet -dumpbase CMakeCXXCompilerABI.cpp -mtune=generic -march=x86-64 -auxbase-strip CMakeFiles/cmTC_1d607.dir/CMakeCXXCompilerABI.cpp.o -version -fasynchronous-unwind-tables -fstack-protector-strong -Wformat -Wformat-security -fstack-clash-protection -fcf-protection -o /tmp/cc9ideVR.s
GNU C++14 (Ubuntu 9.4.0-1ubuntu1~20.04.2) version 9.4.0 (x86_64-linux-gnu)
	compiled by GNU C version 9.4.0, GMP version 6.2.0, MPFR version 4.0.2, MPC version 1.1.0, isl version isl-0.22.1-GMP

GGC heuristics: --param ggc-min-expand=100 --param ggc-min-heapsize=131072
ignoring duplicate directory "/usr/include/x86_64-linux-gnu/c++/9"
ignoring nonexistent directory "/usr/local/include/x86_64-linux-gnu"
ignoring nonexistent directory "/usr/lib/gcc/x86_64-linux-gnu/9/include-fixed"
ignoring nonexistent directory "/usr/lib/gcc/x86_64-linux-gnu/9/../../../../x86_64-linux-gnu/include"
#include "..." search starts here:
#include <...> search starts here:
 /usr/include/c++/9
 /usr/include/x86_64-linux-gnu/c++/9
 /usr/include/c++/9/backward
 /usr/lib/gcc/x86_64-linux-gnu/9/include
 /usr/local/include
 /usr/include/x86_64-linux-gnu
 /usr/include
End of search list.
GNU C++14 (Ubuntu 9.4.0-1ubuntu1~20.04.2) version 9.4.0 (x86_64-linux-gnu)
	compiled by GNU C version 9.4.0, GMP version 6.2.0, MPFR version 4.0.2, MPC version 1.1.0, isl version isl-0.22.1-GMP

GGC heuristics: --param ggc-min-expand=100 --param ggc-min-heapsize=131072
Compiler executable checksum: 3d1eba838554fa2348dba760e4770469
COLLECT_GCC_OPTIONS='-v' '-o' 'CMakeFiles/cmTC_1d607.dir/CMakeCXXCompilerABI.cpp.o' '-c' '-shared-libgcc' '-mtune=generic' '-march=x86-64'
 as -v --64 -o CMakeFiles/cmTC_1d607.dir/CMakeCXXCompilerABI.cpp.o /tmp/cc9ideVR.s
GNU assembler version 2.34 (x86_64-linux-gnu) using BFD version (GNU Binutils for Ubuntu) 2.34
COMPILER_PATH=/usr/lib/gcc/x86_64-linux-gnu/9/:/usr/lib/gcc/x86_64-linux-gnu/9/:/usr/lib/gcc/x86_64-linux-gnu/:/usr/lib/gcc/x86_64-linux-gnu/9/:/usr/lib/gcc/x86_64-linux-gnu/
LIBRARY_PATH=/usr/lib/gcc/x86_64-linux-gnu/9/:/usr/lib/gcc/x86_64-linux-gnu/9/../../../x86_64-linux-gnu/:/usr/lib/gcc/x86_64-linux-gnu/9/../../../../lib/:/lib/x86_64-linux-gnu/:/lib/../lib/:/usr/lib/x86_64-linux-gnu/:/usr/lib/../lib/:/usr/lib/gcc/x86_64-linux-gnu/9/../../../:/lib/:/usr/lib/
COLLECT_GCC_OPTIONS='-v' '-o' 'CMakeFiles/cmTC_1d607.dir/CMakeCXXCompilerABI.cpp.o' '-c' '-shared-libgcc' '-mtune=generic' '-march=x86-64'
Linking CXX executable cmTC_1d607
/usr/bin/cmake -E cmake_link_script CMakeFiles/cmTC_1d607.dir/link.txt --verbose=1
/usr/bin/c++      -v CMakeFiles/cmTC_1d607.dir/CMakeCXXCompilerABI.cpp.o  -o cmTC_1d607 
Using built-in specs.
COLLECT_GCC=/usr/bin/c++
COLLECT_LTO_WRAPPER=/usr/lib/gcc/x86_64-linux-gnu/9/lto-wrapper
OFFLOAD_TARGET_NAMES=nvptx-none:hsa
OFFLOAD_TARGET_DEFAULT=1
Target: x86_64-linux-gnu
Configured with: ../src/configure -v --with-pkgversion='Ubuntu 9.4.0-1ubuntu1~20.04.2' --with-bugurl=file:///usr/share/doc/gcc-9/README.Bugs --enable-languages=c,ada,c++,go,brig,d,fortran,objc,obj-c++,gm2 --prefix=/usr --with-gcc-major-version-only --program-suffix=-9 --program-prefix=x86_64-linux-gnu- --enable-shared --enable-linker-build-id --libexecdir=/usr/lib --without-included-gettext --enable-threads=posix --libdir=/usr/lib --enable-nls --enable-clocale=gnu --enable-libstdcxx-debug --enable-libstdcxx-time=yes --with-default-libstdcxx-abi=new --enable-gnu-unique-object --disable-vtable-verify --enable-plugin --enable-default-pie --with-system-zlib --with-target-system-zlib=auto --enable-objc-gc=auto --enable-multiarch --disable-werror --with-arch-32=i686 --with-abi=m64 --with-multilib-list=m32,m64,mx32 --enable-multilib --with-tune=generic --enable-offload-targets=nvptx-none=/build/gcc-9-9QDOt0/gcc-9-9.4.0/debian/tmp-nvptx/usr,hsa --without-cuda-driver --enable-checking=release --build=x86_64-linux-gnu --host=x86_64-linux-gnu --target=x86_64-linux-gnu
Thread model: posix
gcc version 9.4.0 (Ubuntu 9.4.0-1ubuntu1~20.04.2) 
COMPILER_PATH=/usr/lib/gcc/x86_64-linux-gnu/9/:/usr/lib/gcc/x86_64-linux-gnu/9/:/usr/lib/gcc/x86_64-linux-gnu/:/usr/lib/gcc/x86_64-linux-gnu/9/:/usr/lib/gcc/x86_64-linux-gnu/
LIBRARY_PATH=/usr/lib/gcc/x86_64-linux-gnu/9/:/usr/lib/gcc/x86_64-linux-gnu/9/../../../x86_64-linux-gnu/:/usr/lib/gcc/x86_64-linux-gnu/9/../../../../lib/:/lib/x86_64-linux-gnu/:/lib/../lib/:/usr/lib/x86_64-linux-gnu/:/usr/lib/../lib/:/usr/lib/gcc/x86_64-linux-gnu/9/../../../:/lib/:/usr/lib/
COLLECT_GCC_OPTIONS='-v' '-o' 'cmTC_1d607' '-shared-libgcc' '-mtune=generic' '-march=x86-64'
 /usr/lib/gcc/x86_64-linux-gnu/9/collect2 -plugin /usr/lib/gcc/x86_64-linux-gnu/9/liblto_plugin.so -plugin-opt=/usr/lib/gcc/x86_64-linux-gnu/9/lto-wrapper -plugin-opt=-fresolution=/tmp/ccMTNPqj.res -plugin-opt=-pass-through=-lgcc_s -plugin-opt=-pass-through=-lgcc -plugin-opt=-pass-through=-lc -plugin-opt=-pass-through=-lgcc_s -plugin-opt=-pass-through=-lgcc --build-id --eh-frame-hdr -m elf_x86_64 --hash-style=gnu --as-needed -dynamic-linker /lib64/ld-linux-x86-64.so.2 -pie -z now -z relro -o cmTC_1d607 /usr/lib/gcc/x86_64-linux-gnu/9/../../../x86_64-linux-gnu/Scrt1.o /usr/lib/gcc/x86_64-linux-gnu/9/../../../x86_64-linux-gnu/crti.o /usr/lib/gcc/x86_64-linux-gnu/9/crtbeginS.o -L/usr/lib/gcc/x86_64-linux-gnu/9 -L/usr/lib/gcc/x86_64-linux-gnu/9/../../../x86_64-linux-gnu -L/usr/lib/gcc/x86_64-linux-gnu/9/../../../../lib -L/lib/x86_64-linux-gnu -L/lib/../lib -L/usr/lib/x86_64-linux-gnu -L/usr/lib/../lib -L/usr/lib/gcc/x86_64-linux-gnu/9/../../.. CMakeFiles/cmTC_1d607.dir/CMakeCXXCompilerABI.cpp.o -lstdc++ -lm -lgcc_s -lgcc -lc -lgcc_s -lgcc /usr/lib/gcc/x86_64-linux-gnu/9/crtendS.o /usr/lib/gcc/x86_64-linux-gnu/9/../../../x86_64-linux-gnu/crtn.o
COLLECT_GCC_OPTIONS='-v' '-o' 'cmTC_1d607' '-shared-libgcc' '-mtune=generic' '-march=x86-64'
make[1]: Leaving directory '/home/EdgeRIC-A-real-time-RIC/srs-4G-UE/build/CMakeFiles/CMakeTmp'



Parsed CXX implicit include dir info from above output: rv=done
  found start of include info
  found start of implicit include info
    add: [/usr/include/c++/9]
    add: [/usr/include/x86_64-linux-gnu/c++/9]
    add: [/usr/include/c++/9/backward]
    add: [/usr/lib/gcc/x86_64-linux-gnu/9/include]
    add: [/usr/local/include]
    add: [/usr/include/x86_64-linux-gnu]
    add: [/usr/include]
  end of search list found
  collapse include dir [/usr/include/c++/9] ==> [/usr/include/c++/9]
  collapse include dir [/usr/include/x86_64-linux-gnu/c++/9] ==> [/usr/include/x86_64-linux-gnu/c++/9]
  collapse include dir [/usr/include/c++/9/backward] ==> [/usr/include/c++/9/backward]
  collapse include dir [/usr/lib/gcc/x86_64-linux-gnu/9/include] ==> [/usr/lib/gcc/x86_64-linux-gnu/9/include]
  collapse include dir [/usr/local/include] ==> [/usr/local/include]
  collapse include dir [/usr/include/x86_64-linux-gnu] ==> [/usr/include/x86_64-linux-gnu]
  collapse include dir [/usr/include] ==> [/usr/include]
  implicit include dirs: [/usr/include/c++/9;/usr/include/x86_64-linux-gnu/c++/9;/usr/include/c++/9/backward;/usr/lib/gcc/x86_64-linux-gnu/9/include;/usr/local/include;/usr/include/x86_64-linux-gnu;/usr/include]


Parsed CXX implicit link information from above output:
  link line regex: [^( *|.*[/\])(ld|CMAKE_LINK_STARTFILE-NOTFOUND|([^/\]+-)?ld|collect2)[^/\]*( |$)]
  ignore line: [Change Dir: /home/EdgeRIC-A-real-time-RIC/srs-4G-UE/build/CMakeFiles/CMakeTmp]
  ignore line: []
  ignore line: [Run Build Command(s):/usr/bin/make cmTC_1d607/fast && /usr/bin/make -f CMakeFiles/cmTC_1d607.dir/build.make CMakeFiles/cmTC_1d607.dir/build]
  ignore line: [make[1]: Entering directory '/home/EdgeRIC-A-real-time-RIC/srs-4G-UE/build/CMakeFiles/CMakeTmp']
  ignore line: [Building CXX object CMakeFiles/cmTC_1d607.dir/CMakeCXXCompilerABI.cpp.o]
  ignore line: [/usr/bin/c++    -v -o CMakeFiles/cmTC_1d607.dir/CMakeCXXCompilerABI.cpp.o -c /usr/share/cmake-3.16/Modules/CMakeCXXCompilerABI.cpp]
  ignore line: [Using built-in specs.]
  ignore line: [COLLECT_GCC=/usr/bin/c++]
  ignore line: [OFFLOAD_TARGET_NAMES=nvptx-none:hsa]
  ignore line: [OFFLOAD_TARGET_DEFAULT=1]
  ignore line: [Target: x86_64-linux-gnu]
  ignore line: [Configured with: ../src/configure -v --with-pkgversion='Ubuntu 9.4.0-1ubuntu1~20.04.2' --with-bugurl=file:///usr/share/doc/gcc-9/README.Bugs --enable-languages=c ada c++ go brig d fortran objc obj-c++ gm2 --prefix=/usr --with-gcc-major-version-only --program-suffix=-9 --program-prefix=x86_64-linux-gnu- --enable-shared --enable-linker-build-id --libexecdir=/usr/lib --without-included-gettext --enable-threads=posix --libdir=/usr/lib --enable-nls --enable-clocale=gnu --enable-libstdcxx-debug --enable-libstdcxx-time=yes --with-default-libstdcxx-abi=new --enable-gnu-unique-object --disable-vtable-verify --enable-plugin --enable-default-pie --with-system-zlib --with-target-system-zlib=auto --enable-objc-gc=auto --enable-multiarch --disable-werror --with-arch-32=i686 --with-abi=m64 --with-multilib-list=m32 m64 mx32 --enable-multilib --with-tune=generic --enable-offload-targets=nvptx-none=/build/gcc-9-9QDOt0/gcc-9-9.4.0/debian/tmp-nvptx/usr hsa --without-cuda-driver --enable-checking=release --build=x86_64-linux-gnu --host=x86_64-linux-gnu --target=x86_64-linux-gnu]
  ignore line: [Thread model: posix]
  ignore line: [gcc version 9.4.0 (Ubuntu 9.4.0-1ubuntu1~20.04.2) ]
  ignore line: [COLLECT_GCC_OPTIONS='-v' '-o' 'CMakeFiles/cmTC_1d607.dir/CMakeCXXCompilerABI.cpp.o' '-c' '-shared-libgcc' '-mtune=generic' '-march=x86-64']
  ignore line: [ /usr/lib/gcc/x86_64-linux-gnu/9/cc1plus -quiet -v -imultiarch x86_64-linux-gnu -D_GNU_SOURCE /usr/share/cmake-3.16/Modules/CMakeCXXCompilerABI.cpp -quiet -dumpbase CMakeCXXCompilerABI.cpp -mtune=generic -march=x86-64 -auxbase-strip CMakeFiles/cmTC_1d607.dir/CMakeCXXCompilerABI.cpp.o -version -fasynchronous-unwind-tables -fstack-protector-strong -Wformat -Wformat-security -fstack-clash-protection -fcf-protection -o /tmp/cc9ideVR.s]
  ignore line: [GNU C++14 (Ubuntu 9.4.0-1ubuntu1~20.04.2) version 9.4.0 (x86_64-linux-gnu)]
  ignore line: [	compiled by GNU C version 9.4.0  GMP version 6.2.0  MPFR version 4.0.2  MPC version 1.1.0  isl version isl-0.22.1-GMP]
  ignore line: []
  ignore line: [GGC heuristics: --param ggc-min-expand=100 --param ggc-min-heapsize=131072]
  ignore line: [ignoring duplicate directory "/usr/include/x86_64-linux-gnu/c++/9"]
  ignore line: [ignoring nonexistent directory "/usr/local/include/x86_64-linux-gnu"]
  ignore line: [ignoring nonexistent directory "/usr/lib/gcc/x86_64-linux-gnu/9/include-fixed"]
  ignore line: [ignoring nonexistent directory "/usr/lib/gcc/x86_64-linux-gnu/9/../../../../x86_64-linux-gnu/include"]
  ignore line: [#include "..." search starts here:]
  ignore line: [#include <...> search starts here:]
  ignore line: [ /usr/include/c++/9]
  ignore line: [ /usr/include/x86_64-linux-gnu/c++/9]
  ignore line: [ /usr/include/c++/9/backward]
  ignore line: [ /usr/lib/gcc/x86_64-linux-gnu/9/include]
  ignore line: [ /usr/local/include]
  ignore line: [ /usr/include/x86_64-linux-gnu]
  ignore line: [ /usr/include]
  ignore line: [End of search list.]
  ignore line: [GNU C++14 (Ubuntu 9.4.0-1ubuntu1~20.04.2) version 9.4.0 (x86_64-linux-gnu)]
  ignore line: [	compiled by GNU C version 9.4.0  GMP version 6.2.0  MPFR version 4.0.2  MPC version 1.1.0  isl version isl-0.22.1-GMP]
  ignore line: []
  ignore line: [GGC heuristics: --param ggc-min-expand=100 --param ggc-min-heapsize=131072]
  ignore line: [Compiler executable checksum: 3d1eba838554fa2348dba760e4770469]
  ignore line: [COLLECT_GCC_OPTIONS='-v' '-o' 'CMakeFiles/cmTC_1d607.dir/CMakeCXXCompilerABI.cpp.o' '-c' '-shared-libgcc' '-mtune=generic' '-march=x86-64']
  ignore line: [ as -v --64 -o CMakeFiles/cmTC_1d607.dir/CMakeCXXCompilerABI.cpp.o /tmp/cc9ideVR.s]
  ignore line: [GNU assembler version 2.34 (x86_64-linux-gnu) using BFD version (GNU Binutils for Ubuntu) 2.34]
  ignore line: [COMPILER_PATH=/usr/lib/gcc/x86_64-linux-gnu/9/:/usr/lib/gcc/x86_64-linux-gnu/9/:/usr/lib/gcc/x86_64-linux-gnu/:/usr/lib/gcc/x86_64-linux-gnu/9/:/usr/lib/gcc/x86_64-linux-gnu/]
  ignore line: [LIBRARY_PATH=/usr/lib/gcc/x86_64-linux-gnu/9/:/usr/lib/gcc/x86_64-linux-gnu/9/../../../x86_64-linux-gnu/:/usr/lib/gcc/x86_64-linux-gnu/9/../../../../lib/:/lib/x86_64-linux-gnu/:/lib/../lib/:/usr/lib/x86_64-linux-gnu/:/usr/lib/../lib/:/usr/lib/gcc/x86_64-linux-gnu/9/../../../:/lib/:/usr/lib/]
  ignore line: [COLLECT_GCC_OPTIONS='-v' '-o' 'CMakeFiles/cmTC_1d607.dir/CMakeCXXCompilerABI.cpp.o' '-c' '-shared-libgcc' '-mtune=generic' '-march=x86-64']
  ignore line: [Linking CXX executable cmTC_1d607]
  ignore line: [/usr/bin/cmake -E cmake_link_script CMakeFiles/cmTC_1d607.dir/link.txt --verbose=1]
  ignore line: [/usr/bin/c++      -v CMakeFiles/cmTC_1d607.dir/CMakeCXXCompilerABI.cpp.o  -o cmTC_1d607 ]
  ignore line: [Using built-in specs.]
  ignore line: [COLLECT_GCC=/usr/bin/c++]
  ignore line: [COLLECT_LTO_WRAPPER=/usr/lib/gcc/x86_64-linux-gnu/9/lto-wrapper]
  ignore line: [OFFLOAD_TARGET_NAMES=nvptx-none:hsa]
  ignore line: [OFFLOAD_TARGET_DEFAULT=1]
  ignore line: [Target: x86_64-linux-gnu]
  ignore line: [Configured with: ../src/configure -v --with-pkgversion='Ubuntu 9.4.0-1ubuntu1~20.04.2' --with-bugurl=file:///usr/share/doc/gcc-9/README.Bugs --enable-languages=c ada c++ go brig d fortran objc obj-c++ gm2 --prefix=/usr --with-gcc-major-version-only --program-suffix=-9 --program-prefix=x86_64-linux-gnu- --enable-shared --enable-linker-build-id --libexecdir=/usr/lib --without-included-gettext --enable-threads=posix --libdir=/usr/lib --enable-nls --enable-clocale=gnu --enable-libstdcxx-debug --enable-libstdcxx-time=yes --with-default-libstdcxx-abi=new --enable-gnu-unique-object --disable-vtable-verify --enable-plugin --enable-default-pie --with-system-zlib --with-target-system-zlib=auto --enable-objc-gc=auto --enable-multiarch --disable-werror --with-arch-32=i686 --with-abi=m64 --with-multilib-list=m32 m64 mx32 --enable-multilib --with-tune=generic --enable-offload-targets=nvptx-none=/build/gcc-9-9QDOt0/gcc-9-9.4.0/debian/tmp-nvptx/usr hsa --without-cuda-driver --enable-checking=release --build=x86_64-linux-gnu --host=x86_64-linux-gnu --target=x86_64-linux-gnu]
  ignore line: [Thread model: posix]
  ignore line: [gcc version 9.4.0 (Ubuntu 9.4.0-1ubuntu1~20.04.2) ]
  ignore line: [COMPILER_PATH=/usr/lib/gcc/x86_64-linux-gnu/9/:/usr/lib/gcc/x86_64-linux-gnu/9/:/usr/lib/gcc/x86_64-linux-gnu/:/usr/lib/gcc/x86_64-linux-gnu/9/:/usr/lib/gcc/x86_64-linux-gnu/]
  ignore line: [LIBRARY_PATH=/usr/lib/gcc/x86_64-linux-gnu/9/:/usr/lib/gcc/x86_64-linux-gnu/9/../../../x86_64-linux-gnu/:/usr/lib/gcc/x86_64-linux-gnu/9/../../../../lib/:/lib/x86_64-linux-gnu/:/lib/../lib/:/usr/lib/x86_64-linux-gnu/:/usr/lib/../lib/:/usr/lib/gcc/x86_64-linux-gnu/9/../../../:/lib/:/usr/lib/]
  ignore line: [COLLECT_GCC_OPTIONS='-v' '-o' 'cmTC_1d607' '-shared-libgcc' '-mtune=generic' '-march=x86-64']
  link line: [ /usr/lib/gcc/x86_64-linux-gnu/9/collect2 -plugin /usr/lib/gcc/x86_64-linux-gnu/9/liblto_plugin.so -plugin-opt=/usr/lib/gcc/x86_64-linux-gnu/9/lto-wrapper -plugin-opt=-fresolution=/tmp/ccMTNPqj.res -plugin-opt=-pass-through=-lgcc_s -plugin-opt=-pass-through=-lgcc -plugin-opt=-pass-through=-lc -plugin-opt=-pass-through=-lgcc_s -plugin-opt=-pass-through=-lgcc --build-id --eh-frame-hdr -m elf_x86_64 --hash-style=gnu --as-needed -dynamic-linker /lib64/ld-linux-x86-64.so.2 -pie -z now -z relro -o cmTC_1d607 /usr/lib/gcc/x86_64-linux-gnu/9/../../../x86_64-linux-gnu/Scrt1.o /usr/lib/gcc/x86_64-linux-gnu/9/../../../x86_64-linux-gnu/crti.o /usr/lib/gcc/x86_64-linux-gnu/9/crtbeginS.o -L/usr/lib/gcc/x86_64-linux-gnu/9 -L/usr/lib/gcc/x86_64-linux-gnu/9/../../../x86_64-linux-gnu -L/usr/lib/gcc/x86_64-linux-gnu/9/../../../../lib -L/lib/x86_64-linux-gnu -L/lib/../lib -L/usr/lib/x86_64-linux-gnu -L/usr/lib/../lib -L/usr/lib/gcc/x86_64-linux-gnu/9/../../.. CMakeFiles/cmTC_1d607.dir/CMakeCXXCompilerABI.cpp.o -lstdc++ -lm -lgcc_s -lgcc -lc -lgcc_s -lgcc /usr/lib/gcc/x86_64-linux-gnu/9/crtendS.o /usr/lib/gcc/x86_64-linux-gnu/9/../../../x86_64-linux-gnu/crtn.o]
    arg [/usr/lib/gcc/x86_64-linux-gnu/9/collect2] ==> ignore
    arg [-plugin] ==> ignore
    arg [/usr/lib/gcc/x86_64-linux-gnu/9/liblto_plugin.so] ==> ignore
    arg [-plugin-opt=/usr/lib/gcc/x86_64-linux-gnu/9/lto-wrapper] ==> ignore
    arg [-plugin-opt=-fresolution=/tmp/ccMTNPqj.res] ==> ignore
    arg [-plugin-opt=-pass-through=-lgcc_s] ==> ignore
    arg [-plugin-opt=-pass-through=-lgcc] ==> ignore
    arg [-plugin-opt=-pass-through=-lc] ==> ignore
    arg [-plugin-opt=-pass-through=-lgcc_s] ==> ignore
    arg [-plugin-opt=-pass-through=-lgcc] ==> ignore
    arg [--build-id] ==> ignore
    arg [--eh-frame-hdr] ==> ignore
    arg [-m] ==> ignore
    arg [elf_x86_64] ==> ignore
    arg [--hash-style=gnu] ==> ignore
    arg [--as-needed] ==> ignore
    arg [-dynamic-linker] ==> ignore
    arg [/lib64/ld-linux-x86-64.so.2] ==> ignore
    arg [-pie] ==> ignore
    arg [-znow] ==> ignore
    arg [-zrelro] ==> ignore
    arg [-o] ==> ignore
    arg [cmTC_1d607] ==> ignore
    arg [/usr/lib/gcc/x86_64-linux-gnu/9/../../../x86_64-linux-gnu/Scrt1.o] ==> ignore
    arg [/usr/lib/gcc/x86_64-linux-gnu/9/../../../x86_64-linux-gnu/crti.o] ==> ignore
    arg [/usr/lib/gcc/x86_64-linux-gnu/9/crtbeginS.o] ==> ignore
    arg [-L/usr/lib/gcc/x86_64-linux-gnu/9] ==> dir [/usr/lib/gcc/x86_64-linux-gnu/9]
    arg [-L/usr/lib/gcc/x86_64-linux-gnu/9/../../../x86_64-linux-gnu] ==> dir [/usr/lib/gcc/x86_64-linux-gnu/9/../../../x86_64-linux-gnu]
    arg [-L/usr/lib/gcc/x86_64-linux-gnu/9/../../../../lib] ==> dir [/usr/lib/gcc/x86_64-linux-gnu/9/../../../../lib]
    arg [-L/lib/x86_64-linux-gnu] ==> dir [/lib/x86_64-linux-gnu]
    arg [-L/lib/../lib] ==> dir [/lib/../lib]
    arg [-L/usr/lib/x86_64-linux-gnu] ==> dir [/usr/lib/x86_64-linux-gnu]
    arg [-L/usr/lib/../lib] ==> dir [/usr/lib/../lib]
    arg [-L/usr/lib/gcc/x86_64-linux-gnu/9/../../..] ==> dir [/usr/lib/gcc/x86_64-linux-gnu/9/../../..]
    arg [CMakeFiles/cmTC_1d607.dir/CMakeCXXCompilerABI.cpp.o] ==> ignore
    arg [-lstdc++] ==> lib [stdc++]
    arg [-lm] ==> lib [m]
    arg [-lgcc_s] ==> lib [gcc_s]
    arg [-lgcc] ==> lib [gcc]
    arg [-lc] ==> lib [c]
    arg [-lgcc_s] ==> lib [gcc_s]
    arg [-lgcc] ==> lib [gcc]
    arg [/usr/lib/gcc/x86_64-linux-gnu/9/crtendS.o] ==> ignore
    arg [/usr/lib/gcc/x86_64-linux-gnu/9/../../../x86_64-linux-gnu/crtn.o] ==> ignore
  collapse library dir [/usr/lib/gcc/x86_64-linux-gnu/9] ==> [/usr/lib/gcc/x86_64-linux-gnu/9]
  collapse library dir [/usr/lib/gcc/x86_64-linux-gnu/9/../../../x86_64-linux-gnu] ==> [/usr/lib/x86_64-linux-gnu]
  collapse library dir [/usr/lib/gcc/x86_64-linux-gnu/9/../../../../lib] ==> [/usr/lib]
  collapse library dir [/lib/x86_64-linux-gnu] ==> [/lib/x86_64-linux-gnu]
  collapse library dir [/lib/../lib] ==> [/lib]
  collapse library dir [/usr/lib/x86_64-linux-gnu] ==> [/usr/lib/x86_64-linux-gnu]
  collapse library dir [/usr/lib/../lib] ==> [/usr/lib]
  collapse library dir [/usr/lib/gcc/x86_64-linux-gnu/9/../../..] ==> [/usr/lib]
  implicit libs: [stdc++;m;gcc_s;gcc;c;gcc_s;gcc]
  implicit dirs: [/usr/lib/gcc/x86_64-linux-gnu/9;/usr/lib/x86_64-linux-gnu;/usr/lib;/lib/x86_64-linux-gnu;/lib]
  implicit fwks: []


Performing C++ SOURCE FILE Test HAVE_CXX_ATOMICS_WITHOUT_LIB succeeded with the following output:
Change Dir: /home/EdgeRIC-A-real-time-RIC/srs-4G-UE/build/CMakeFiles/CMakeTmp

Run Build Command(s):/usr/bin/make cmTC_d3882/fast && /usr/bin/make -f CMakeFiles/cmTC_d3882.dir/build.make CMakeFiles/cmTC_d3882.dir/build
make[1]: Entering directory '/home/EdgeRIC-A-real-time-RIC/srs-4G-UE/build/CMakeFiles/CMakeTmp'
Building CXX object CMakeFiles/cmTC_d3882.dir/src.cxx.o
/usr/bin/c++    -DHAVE_CXX_ATOMICS_WITHOUT_LIB  -std=c++11   -o CMakeFiles/cmTC_d3882.dir/src.cxx.o -c /home/EdgeRIC-A-real-time-RIC/srs-4G-UE/build/CMakeFiles/CMakeTmp/src.cxx
Linking CXX executable cmTC_d3882
/usr/bin/cmake -E cmake_link_script CMakeFiles/cmTC_d3882.dir/link.txt --verbose=1
/usr/bin/c++   -DHAVE_CXX_ATOMICS_WITHOUT_LIB  -std=c++11    CMakeFiles/cmTC_d3882.dir/src.cxx.o  -o cmTC_d3882 
make[1]: Leaving directory '/home/EdgeRIC-A-real-time-RIC/srs-4G-UE/build/CMakeFiles/CMakeTmp'


Source file was:

#include <atomic>
std::atomic<int> x;
int main() {
return std::atomic_is_lock_free(&x);
}

Performing C++ SOURCE FILE Test HAVE_CXX_ATOMICS64_WITHOUT_LIB succeeded with the following output:
Change Dir: /home/EdgeRIC-A-real-time-RIC/srs-4G-UE/build/CMakeFiles/CMakeTmp

Run Build Command(s):/usr/bin/make cmTC_e65df/fast && /usr/bin/make -f CMakeFiles/cmTC_e65df.dir/build.make CMakeFiles/cmTC_e65df.dir/build
make[1]: Entering directory '/home/EdgeRIC-A-real-time-RIC/srs-4G-UE/build/CMakeFiles/CMakeTmp'
Building CXX object CMakeFiles/cmTC_e65df.dir/src.cxx.o
/usr/bin/c++    -DHAVE_CXX_ATOMICS64_WITHOUT_LIB -std=c++11   -o CMakeFiles/cmTC_e65df.dir/src.cxx.o -c /home/EdgeRIC-A-real-time-RIC/srs-4G-UE/build/CMakeFiles/CMakeTmp/src.cxx
Linking CXX executable cmTC_e65df
/usr/bin/cmake -E cmake_link_script CMakeFiles/cmTC_e65df.dir/link.txt --verbose=1
/usr/bin/c++   -DHAVE_CXX_ATOMICS64_WITHOUT_LIB -std=c++11    CMakeFiles/cmTC_e65df.dir/src.cxx.o  -o cmTC_e65df 
make[1]: Leaving directory '/home/EdgeRIC-A-real-time-RIC/srs-4G-UE/build/CMakeFiles/CMakeTmp'


Source file was:

#include <atomic>
#include <cstdint>
std::atomic<uint64_t> x (0);
int main() {
uint64_t i = x.load(std::memory_order_relaxed);
return std::atomic_is_lock_free(&x);
}

Determining if the include file pthread.h exists passed with the following output:
Change Dir: /home/EdgeRIC-A-real-time-RIC/srs-4G-UE/build/CMakeFiles/CMakeTmp

Run Build Command(s):/usr/bin/make cmTC_c1428/fast && /usr/bin/make -f CMakeFiles/cmTC_c1428.dir/build.make CMakeFiles/cmTC_c1428.dir/build
make[1]: Entering directory '/home/EdgeRIC-A-real-time-RIC/srs-4G-UE/build/CMakeFiles/CMakeTmp'
Building C object CMakeFiles/cmTC_c1428.dir/CheckIncludeFile.c.o
/usr/bin/cc    -o CMakeFiles/cmTC_c1428.dir/CheckIncludeFile.c.o   -c /home/EdgeRIC-A-real-time-RIC/srs-4G-UE/build/CMakeFiles/CMakeTmp/CheckIncludeFile.c
Linking C executable cmTC_c1428
/usr/bin/cmake -E cmake_link_script CMakeFiles/cmTC_c1428.dir/link.txt --verbose=1
/usr/bin/cc      CMakeFiles/cmTC_c1428.dir/CheckIncludeFile.c.o  -o cmTC_c1428 
make[1]: Leaving directory '/home/EdgeRIC-A-real-time-RIC/srs-4G-UE/build/CMakeFiles/CMakeTmp'



Determining if the function pthread_create exists in the pthread passed with the following output:
Change Dir: /home/EdgeRIC-A-real-time-RIC/srs-4G-UE/build/CMakeFiles/CMakeTmp

Run Build Command(s):/usr/bin/make cmTC_1991b/fast && /usr/bin/make -f CMakeFiles/cmTC_1991b.dir/build.make CMakeFiles/cmTC_1991b.dir/build
make[1]: Entering directory '/home/EdgeRIC-A-real-time-RIC/srs-4G-UE/build/CMakeFiles/CMakeTmp'
Building C object CMakeFiles/cmTC_1991b.dir/CheckFunctionExists.c.o
/usr/bin/cc   -DCHECK_FUNCTION_EXISTS=pthread_create   -o CMakeFiles/cmTC_1991b.dir/CheckFunctionExists.c.o   -c /usr/share/cmake-3.16/Modules/CheckFunctionExists.c
Linking C executable cmTC_1991b
/usr/bin/cmake -E cmake_link_script CMakeFiles/cmTC_1991b.dir/link.txt --verbose=1
/usr/bin/cc  -DCHECK_FUNCTION_EXISTS=pthread_create    CMakeFiles/cmTC_1991b.dir/CheckFunctionExists.c.o  -o cmTC_1991b  -lpthread 
make[1]: Leaving directory '/home/EdgeRIC-A-real-time-RIC/srs-4G-UE/build/CMakeFiles/CMakeTmp'



Performing C++ SOURCE FILE Test HAVE_WNO_UNUSED_BUT_SET_VARIABLE succeeded with the following output:
Change Dir: /home/EdgeRIC-A-real-time-RIC/srs-4G-UE/build/CMakeFiles/CMakeTmp

Run Build Command(s):/usr/bin/make cmTC_b5bdb/fast && /usr/bin/make -f CMakeFiles/cmTC_b5bdb.dir/build.make CMakeFiles/cmTC_b5bdb.dir/build
make[1]: Entering directory '/home/EdgeRIC-A-real-time-RIC/srs-4G-UE/build/CMakeFiles/CMakeTmp'
Building CXX object CMakeFiles/cmTC_b5bdb.dir/src.cxx.o
/usr/bin/c++    -Wall -Wno-comment -Wno-reorder -Wno-unused-variable -Wtype-limits -std=c++14 -fno-strict-aliasing -DHAVE_WNO_UNUSED_BUT_SET_VARIABLE   -Wno-unused-but-set-variable -o CMakeFiles/cmTC_b5bdb.dir/src.cxx.o -c /home/EdgeRIC-A-real-time-RIC/srs-4G-UE/build/CMakeFiles/CMakeTmp/src.cxx
Linking CXX executable cmTC_b5bdb
/usr/bin/cmake -E cmake_link_script CMakeFiles/cmTC_b5bdb.dir/link.txt --verbose=1
/usr/bin/c++   -Wall -Wno-comment -Wno-reorder -Wno-unused-variable -Wtype-limits -std=c++14 -fno-strict-aliasing -DHAVE_WNO_UNUSED_BUT_SET_VARIABLE    CMakeFiles/cmTC_b5bdb.dir/src.cxx.o  -o cmTC_b5bdb 
make[1]: Leaving directory '/home/EdgeRIC-A-real-time-RIC/srs-4G-UE/build/CMakeFiles/CMakeTmp'


Source file was:
int main() { return 0; }
Performing C SOURCE FILE Test HAVE_SSE succeeded with the following output:
Change Dir: /home/EdgeRIC-A-real-time-RIC/srs-4G-UE/build/CMakeFiles/CMakeTmp

Run Build Command(s):/usr/bin/make cmTC_da297/fast && /usr/bin/make -f CMakeFiles/cmTC_da297.dir/build.make CMakeFiles/cmTC_da297.dir/build
make[1]: Entering directory '/home/EdgeRIC-A-real-time-RIC/srs-4G-UE/build/CMakeFiles/CMakeTmp'
Building C object CMakeFiles/cmTC_da297.dir/src.c.o
/usr/bin/cc   -DHAVE_SSE -msse4.1   -o CMakeFiles/cmTC_da297.dir/src.c.o   -c /home/EdgeRIC-A-real-time-RIC/srs-4G-UE/build/CMakeFiles/CMakeTmp/src.c
Linking C executable cmTC_da297
/usr/bin/cmake -E cmake_link_script CMakeFiles/cmTC_da297.dir/link.txt --verbose=1
/usr/bin/cc  -DHAVE_SSE -msse4.1    CMakeFiles/cmTC_da297.dir/src.c.o  -o cmTC_da297 
make[1]: Leaving directory '/home/EdgeRIC-A-real-time-RIC/srs-4G-UE/build/CMakeFiles/CMakeTmp'


Return value: 1
Source file was:

        #include <emmintrin.h>
        #include <smmintrin.h>

        int main()
        {
        __m128i a = _mm_setzero_si128();
        __m128i b = _mm_minpos_epu16(a);
        return 0;
        }
Performing C SOURCE FILE Test HAVE_AVX succeeded with the following output:
Change Dir: /home/EdgeRIC-A-real-time-RIC/srs-4G-UE/build/CMakeFiles/CMakeTmp

Run Build Command(s):/usr/bin/make cmTC_91d20/fast && /usr/bin/make -f CMakeFiles/cmTC_91d20.dir/build.make CMakeFiles/cmTC_91d20.dir/build
make[1]: Entering directory '/home/EdgeRIC-A-real-time-RIC/srs-4G-UE/build/CMakeFiles/CMakeTmp'
Building C object CMakeFiles/cmTC_91d20.dir/src.c.o
/usr/bin/cc   -DHAVE_AVX -mavx   -o CMakeFiles/cmTC_91d20.dir/src.c.o   -c /home/EdgeRIC-A-real-time-RIC/srs-4G-UE/build/CMakeFiles/CMakeTmp/src.c
Linking C executable cmTC_91d20
/usr/bin/cmake -E cmake_link_script CMakeFiles/cmTC_91d20.dir/link.txt --verbose=1
/usr/bin/cc  -DHAVE_AVX -mavx    CMakeFiles/cmTC_91d20.dir/src.c.o  -o cmTC_91d20 
make[1]: Leaving directory '/home/EdgeRIC-A-real-time-RIC/srs-4G-UE/build/CMakeFiles/CMakeTmp'


Return value: 1
Source file was:

            #include <immintrin.h>
            int main()
            {
              __m256 a, b, c;
              const float src[8] = { 1.0f, 2.0f, 3.0f, 4.0f, 5.0f, 6.0f, 7.0f, 8.0f };
              float dst[8];
              a = _mm256_loadu_ps( src );
              b = _mm256_loadu_ps( src );
              c = _mm256_add_ps( a, b );
              _mm256_storeu_ps( dst, c );
              int i = 0;
              for( i = 0; i < 8; i++ ){
                if( ( src[i] + src[i] ) != dst[i] ){
                  return -1;
                }
              }
              return 0;
            }
Performing C SOURCE FILE Test HAVE_AVX2 succeeded with the following output:
Change Dir: /home/EdgeRIC-A-real-time-RIC/srs-4G-UE/build/CMakeFiles/CMakeTmp

Run Build Command(s):/usr/bin/make cmTC_36ff7/fast && /usr/bin/make -f CMakeFiles/cmTC_36ff7.dir/build.make CMakeFiles/cmTC_36ff7.dir/build
make[1]: Entering directory '/home/EdgeRIC-A-real-time-RIC/srs-4G-UE/build/CMakeFiles/CMakeTmp'
Building C object CMakeFiles/cmTC_36ff7.dir/src.c.o
/usr/bin/cc   -DHAVE_AVX2 -mavx2   -o CMakeFiles/cmTC_36ff7.dir/src.c.o   -c /home/EdgeRIC-A-real-time-RIC/srs-4G-UE/build/CMakeFiles/CMakeTmp/src.c
Linking C executable cmTC_36ff7
/usr/bin/cmake -E cmake_link_script CMakeFiles/cmTC_36ff7.dir/link.txt --verbose=1
/usr/bin/cc  -DHAVE_AVX2 -mavx2    CMakeFiles/cmTC_36ff7.dir/src.c.o  -o cmTC_36ff7 
make[1]: Leaving directory '/home/EdgeRIC-A-real-time-RIC/srs-4G-UE/build/CMakeFiles/CMakeTmp'


Return value: 1
Source file was:

          #include <immintrin.h>
          int main()
          {
            __m256i a, b, c;
            const int src[8] = { 1, 2, 3, 4, 5, 6, 7, 8 };
            int dst[8];
            a =  _mm256_loadu_si256( (__m256i*)src );
            b =  _mm256_loadu_si256( (__m256i*)src );
            c = _mm256_add_epi32( a, b );
            _mm256_storeu_si256( (__m256i*)dst, c );
            int i = 0;
            for( i = 0; i < 8; i++ ){
              if( ( src[i] + src[i] ) != dst[i] ){
                return -1;
              }
            }
            return 0;
          }
Performing C SOURCE FILE Test HAVE_FMA succeeded with the following output:
Change Dir: /home/EdgeRIC-A-real-time-RIC/srs-4G-UE/build/CMakeFiles/CMakeTmp

Run Build Command(s):/usr/bin/make cmTC_39005/fast && /usr/bin/make -f CMakeFiles/cmTC_39005.dir/build.make CMakeFiles/cmTC_39005.dir/build
make[1]: Entering directory '/home/EdgeRIC-A-real-time-RIC/srs-4G-UE/build/CMakeFiles/CMakeTmp'
Building C object CMakeFiles/cmTC_39005.dir/src.c.o
/usr/bin/cc   -DHAVE_FMA -mfma   -o CMakeFiles/cmTC_39005.dir/src.c.o   -c /home/EdgeRIC-A-real-time-RIC/srs-4G-UE/build/CMakeFiles/CMakeTmp/src.c
Linking C executable cmTC_39005
/usr/bin/cmake -E cmake_link_script CMakeFiles/cmTC_39005.dir/link.txt --verbose=1
/usr/bin/cc  -DHAVE_FMA -mfma    CMakeFiles/cmTC_39005.dir/src.c.o  -o cmTC_39005 
make[1]: Leaving directory '/home/EdgeRIC-A-real-time-RIC/srs-4G-UE/build/CMakeFiles/CMakeTmp'


Return value: 1
Source file was:

            #include <immintrin.h>
            int main()
            {
              __m256 a, b, c, r;
              const float src[8] = { 1.0f, 2.0f, 3.0f, 4.0f, 5.0f, 6.0f, 7.0f, 8.0f };
              float dst[8];
              a = _mm256_loadu_ps( src );
              b = _mm256_loadu_ps( src );
              c = _mm256_loadu_ps( src );
              r = _mm256_fmadd_ps( a, b, c );
              _mm256_storeu_ps( dst, r );
              int i = 0;
              for( i = 0; i < 8; i++ ){
                if( ( src[i] * src[i] + src[i] ) != dst[i] ){
                  return -1;
                }
              }
              return 0;
            }
Performing C SOURCE FILE Test HAVE_AVX512 succeeded with the following output:
Change Dir: /home/EdgeRIC-A-real-time-RIC/srs-4G-UE/build/CMakeFiles/CMakeTmp

Run Build Command(s):/usr/bin/make cmTC_959cd/fast && /usr/bin/make -f CMakeFiles/cmTC_959cd.dir/build.make CMakeFiles/cmTC_959cd.dir/build
make[1]: Entering directory '/home/EdgeRIC-A-real-time-RIC/srs-4G-UE/build/CMakeFiles/CMakeTmp'
Building C object CMakeFiles/cmTC_959cd.dir/src.c.o
/usr/bin/cc   -DHAVE_AVX512 -mavx512f -mavx512cd -mavx512bw -mavx512dq -DLV_HAVE_AVX512   -o CMakeFiles/cmTC_959cd.dir/src.c.o   -c /home/EdgeRIC-A-real-time-RIC/srs-4G-UE/build/CMakeFiles/CMakeTmp/src.c
Linking C executable cmTC_959cd
/usr/bin/cmake -E cmake_link_script CMakeFiles/cmTC_959cd.dir/link.txt --verbose=1
/usr/bin/cc  -DHAVE_AVX512 -mavx512f -mavx512cd -mavx512bw -mavx512dq -DLV_HAVE_AVX512    CMakeFiles/cmTC_959cd.dir/src.c.o  -o cmTC_959cd 
make[1]: Leaving directory '/home/EdgeRIC-A-real-time-RIC/srs-4G-UE/build/CMakeFiles/CMakeTmp'


Return value: 1
Source file was:

          #include <immintrin.h>
          int main()
          {
            __m512i a, b, c;
            const int src[16] = { 0x0, 0x1, 0x2, 0x3, 0x4, 0x5, 0x6, 0x7, 0x8 , 0x9, 0xA, 0xB, 0xC, 0xD, 0xE, 0xF};
            int dst[16];
            a =  _mm512_loadu_si512( (__m512i*)src );
            b =  _mm512_loadu_si512( (__m512i*)src );
            c = _mm512_add_epi32( a, b );
            _mm512_storeu_si512( (__m512i*)dst, c );
            int i = 0;
            for( i = 0; i < 16; i++ ){
              if( ( src[i] + src[i] ) != dst[i] ){
                return -1;
              }
            }
            return 0;
          }
Performing C SOURCE FILE Test HAVE_MARCH_native succeeded with the following output:
Change Dir: /home/EdgeRIC-A-real-time-RIC/srs-4G-UE/build/CMakeFiles/CMakeTmp

Run Build Command(s):/usr/bin/make cmTC_a0d30/fast && /usr/bin/make -f CMakeFiles/cmTC_a0d30.dir/build.make CMakeFiles/cmTC_a0d30.dir/build
make[1]: Entering directory '/home/EdgeRIC-A-real-time-RIC/srs-4G-UE/build/CMakeFiles/CMakeTmp'
Building C object CMakeFiles/cmTC_a0d30.dir/src.c.o
/usr/bin/cc   -DHAVE_MARCH_native -mavx512f -mavx512cd -mavx512bw -mavx512dq -DLV_HAVE_AVX512   -march=native -o CMakeFiles/cmTC_a0d30.dir/src.c.o   -c /home/EdgeRIC-A-real-time-RIC/srs-4G-UE/build/CMakeFiles/CMakeTmp/src.c
Linking C executable cmTC_a0d30
/usr/bin/cmake -E cmake_link_script CMakeFiles/cmTC_a0d30.dir/link.txt --verbose=1
/usr/bin/cc  -DHAVE_MARCH_native -mavx512f -mavx512cd -mavx512bw -mavx512dq -DLV_HAVE_AVX512    CMakeFiles/cmTC_a0d30.dir/src.c.o  -o cmTC_a0d30 
make[1]: Leaving directory '/home/EdgeRIC-A-real-time-RIC/srs-4G-UE/build/CMakeFiles/CMakeTmp'


Source file was:
int main(void) { return 0; }
Performing C++ SOURCE FILE Test HAVE_VISIBILITY_HIDDEN_CXX succeeded with the following output:
Change Dir: /home/EdgeRIC-A-real-time-RIC/srs-4G-UE/build/CMakeFiles/CMakeTmp

Run Build Command(s):/usr/bin/make cmTC_e0a7b/fast && /usr/bin/make -f CMakeFiles/cmTC_e0a7b.dir/build.make CMakeFiles/cmTC_e0a7b.dir/build
make[1]: Entering directory '/home/EdgeRIC-A-real-time-RIC/srs-4G-UE/build/CMakeFiles/CMakeTmp'
Building CXX object CMakeFiles/cmTC_e0a7b.dir/src.cxx.o
/usr/bin/c++    -Wall -Wno-comment -Wno-reorder -Wno-unused-variable -Wtype-limits -std=c++14 -fno-strict-aliasing -Wno-unused-but-set-variable -march=native -mfpmath=sse -mavx2 -DLV_HAVE_AVX2 -DLV_HAVE_AVX -DLV_HAVE_SSE -DHAVE_VISIBILITY_HIDDEN_CXX -mavx512f -mavx512cd -mavx512bw -mavx512dq -DLV_HAVE_AVX512   -fvisibility=hidden -o CMakeFiles/cmTC_e0a7b.dir/src.cxx.o -c /home/EdgeRIC-A-real-time-RIC/srs-4G-UE/build/CMakeFiles/CMakeTmp/src.cxx
Linking CXX executable cmTC_e0a7b
/usr/bin/cmake -E cmake_link_script CMakeFiles/cmTC_e0a7b.dir/link.txt --verbose=1
/usr/bin/c++   -Wall -Wno-comment -Wno-reorder -Wno-unused-variable -Wtype-limits -std=c++14 -fno-strict-aliasing -Wno-unused-but-set-variable -march=native -mfpmath=sse -mavx2 -DLV_HAVE_AVX2 -DLV_HAVE_AVX -DLV_HAVE_SSE -DHAVE_VISIBILITY_HIDDEN_CXX -mavx512f -mavx512cd -mavx512bw -mavx512dq -DLV_HAVE_AVX512    CMakeFiles/cmTC_e0a7b.dir/src.cxx.o  -o cmTC_e0a7b 
make[1]: Leaving directory '/home/EdgeRIC-A-real-time-RIC/srs-4G-UE/build/CMakeFiles/CMakeTmp'


Source file was:
int main() { return 0; }
Performing C SOURCE FILE Test HAVE_ERROR_INCOMPATIBLE succeeded with the following output:
Change Dir: /home/EdgeRIC-A-real-time-RIC/srs-4G-UE/build/CMakeFiles/CMakeTmp

Run Build Command(s):/usr/bin/make cmTC_3fc53/fast && /usr/bin/make -f CMakeFiles/cmTC_3fc53.dir/build.make CMakeFiles/cmTC_3fc53.dir/build
make[1]: Entering directory '/home/EdgeRIC-A-real-time-RIC/srs-4G-UE/build/CMakeFiles/CMakeTmp'
Building C object CMakeFiles/cmTC_3fc53.dir/src.c.o
/usr/bin/cc   -march=native -DHAVE_ERROR_INCOMPATIBLE -mavx512f -mavx512cd -mavx512bw -mavx512dq -DLV_HAVE_AVX512   -Werror=incompatible-pointer-types -o CMakeFiles/cmTC_3fc53.dir/src.c.o   -c /home/EdgeRIC-A-real-time-RIC/srs-4G-UE/build/CMakeFiles/CMakeTmp/src.c
Linking C executable cmTC_3fc53
/usr/bin/cmake -E cmake_link_script CMakeFiles/cmTC_3fc53.dir/link.txt --verbose=1
/usr/bin/cc  -march=native -DHAVE_ERROR_INCOMPATIBLE -mavx512f -mavx512cd -mavx512bw -mavx512dq -DLV_HAVE_AVX512    CMakeFiles/cmTC_3fc53.dir/src.c.o  -o cmTC_3fc53 
make[1]: Leaving directory '/home/EdgeRIC-A-real-time-RIC/srs-4G-UE/build/CMakeFiles/CMakeTmp'


Source file was:
int main(void) { return 0; }
Performing C SOURCE FILE Test HAVE_VISIBILITY_HIDDEN_C succeeded with the following output:
Change Dir: /home/EdgeRIC-A-real-time-RIC/srs-4G-UE/build/CMakeFiles/CMakeTmp

Run Build Command(s):/usr/bin/make cmTC_36087/fast && /usr/bin/make -f CMakeFiles/cmTC_36087.dir/build.make CMakeFiles/cmTC_36087.dir/build
make[1]: Entering directory '/home/EdgeRIC-A-real-time-RIC/srs-4G-UE/build/CMakeFiles/CMakeTmp'
Building C object CMakeFiles/cmTC_36087.dir/src.c.o
/usr/bin/cc   -march=native -Werror=incompatible-pointer-types -Wall -Wno-comment -Wno-write-strings -Wno-unused-result -Wformat -Wmissing-field-initializers -Wtype-limits -std=c99 -fno-strict-aliasing -D_GNU_SOURCE -Wno-unused-but-set-variable -O3 -fno-trapping-math -fno-math-errno -DBUILD_TYPE_RELEASE -mfpmath=sse -mavx2 -DLV_HAVE_AVX2 -DLV_HAVE_AVX -DLV_HAVE_SSE -mfma -DLV_HAVE_FMA -mavx512f -mavx512cd -mavx512bw -mavx512dq -DLV_HAVE_AVX512 -Ofast -funroll-loops -DHAVE_VISIBILITY_HIDDEN_C  -march=native -Werror=incompatible-pointer-types -Wall -Wno-comment -Wno-write-strings -Wno-unused-result -Wformat -Wmissing-field-initializers -Wtype-limits -std=c99 -fno-strict-aliasing -D_GNU_SOURCE -Wno-unused-but-set-variable -O3 -fno-trapping-math -fno-math-errno -DBUILD_TYPE_RELEASE -mfpmath=sse -mavx2 -DLV_HAVE_AVX2 -DLV_HAVE_AVX -DLV_HAVE_SSE -mfma -DLV_HAVE_FMA -mavx512f -mavx512cd -mavx512bw -mavx512dq -DLV_HAVE_AVX512 -Ofast -funroll-loops   -fvisibility=hidden -o CMakeFiles/cmTC_36087.dir/src.c.o   -c /home/EdgeRIC-A-real-time-RIC/srs-4G-UE/build/CMakeFiles/CMakeTmp/src.c
Linking C executable cmTC_36087
/usr/bin/cmake -E cmake_link_script CMakeFiles/cmTC_36087.dir/link.txt --verbose=1
/usr/bin/cc  -march=native -Werror=incompatible-pointer-types -Wall -Wno-comment -Wno-write-strings -Wno-unused-result -Wformat -Wmissing-field-initializers -Wtype-limits -std=c99 -fno-strict-aliasing -D_GNU_SOURCE -Wno-unused-but-set-variable -O3 -fno-trapping-math -fno-math-errno -DBUILD_TYPE_RELEASE -mfpmath=sse -mavx2 -DLV_HAVE_AVX2 -DLV_HAVE_AVX -DLV_HAVE_SSE -mfma -DLV_HAVE_FMA -mavx512f -mavx512cd -mavx512bw -mavx512dq -DLV_HAVE_AVX512 -Ofast -funroll-loops -DHAVE_VISIBILITY_HIDDEN_C  -march=native -Werror=incompatible-pointer-types -Wall -Wno-comment -Wno-write-strings -Wno-unused-result -Wformat -Wmissing-field-initializers -Wtype-limits -std=c99 -fno-strict-aliasing -D_GNU_SOURCE -Wno-unused-but-set-variable -O3 -fno-trapping-math -fno-math-errno -DBUILD_TYPE_RELEASE -mfpmath=sse -mavx2 -DLV_HAVE_AVX2 -DLV_HAVE_AVX -DLV_HAVE_SSE -mfma -DLV_HAVE_FMA -mavx512f -mavx512cd -mavx512bw -mavx512dq -DLV_HAVE_AVX512 -Ofast -funroll-loops    CMakeFiles/cmTC_36087.dir/src.c.o  -o cmTC_36087 
make[1]: Leaving directory '/home/EdgeRIC-A-real-time-RIC/srs-4G-UE/build/CMakeFiles/CMakeTmp'


Source file was:
int main(void) { return 0; }
